2021-04-11 20:26:55	ERROR	test macro error
2021-04-11 20:26:55	ERROR	test macro fmt error aa
2021-04-11 23:01:41	ERROR	test macro error
2021-04-11 23:01:41	ERROR	test macro fmt error aa
2021-04-11 23:07:21	ERROR	test macro error
2021-04-11 23:07:21	ERROR	test macro fmt error aa
2021-04-11 23:24:56	ERROR	test macro error
2021-04-11 23:24:56	ERROR	test macro fmt error aa
2021-04-12 10:41:18	ERROR	test macro error
2021-04-12 10:41:18	ERROR	test macro fmt error aa
2021-04-12 13:59:15	ERROR	test macro error
2021-04-12 13:59:15	ERROR	test macro fmt error aa
2021-04-12 14:25:18	ERROR	test macro error
2021-04-12 14:25:28	ERROR	test macro fmt error aa
2021-04-12 15:22:23	6752	0	[ERROR]	[root]tests/test.cc:30	test macro error
2021-04-12 15:22:23	6752	0	[ERROR]	[root]tests/test.cc:32	test macro fmt error aa
2021-04-12 16:27:11	7531	0	[ERROR]	[root]tests/test.cc:30	test macro error
2021-04-12 16:27:11	7531	0	[ERROR]	[root]tests/test.cc:32	test macro fmt error aa
2021-04-12 16:28:59	7562	0	[ERROR]	[root]tests/test.cc:30	test macro error
2021-04-12 16:28:59	7562	0	[ERROR]	[root]tests/test.cc:32	test macro fmt error aa
2021-04-12 16:31:39	7689	0	[ERROR]	[root]tests/test.cc:30	test macro error
2021-04-12 16:31:39	7689	0	[ERROR]	[root]tests/test.cc:32	test macro fmt error aa
2021-04-12 16:52:39	8034	0	[ERROR]	[root]tests/test.cc:30	test macro error
2021-04-12 16:52:39	8034	0	[ERROR]	[root]tests/test.cc:32	test macro fmt error aa
2021-04-12 16:53:53	8044	0	[ERROR]	[root]tests/test.cc:30	test macro error
2021-04-12 16:53:53	8044	0	[ERROR]	[root]tests/test.cc:32	test macro fmt error aa
2021-04-12 22:50:58	12754	UNKNOW	0	[ERROR]	[root]	tests/test.cc:30	test macro error
2021-04-12 22:50:58	12754	UNKNOW	0	[ERROR]	[root]	tests/test.cc:32	test macro fmt error aa
